2013-10-14 17:02:51 org.apache.catalina.core.ApplicationContext log
信息: ContextListener: contextInitialized()
2013-10-14 17:02:51 org.apache.catalina.core.ApplicationContext log
信息: SessionListener: contextInitialized()
2013-10-14 17:02:51 org.apache.catalina.core.ApplicationContext log
信息: ContextListener: attributeAdded('org.apache.jasper.compiler.TldLocationsCache', 'org.apache.jasper.compiler.TldLocationsCache@2bab5dae')
2013-10-14 17:03:10 org.apache.catalina.core.ApplicationContext log
信息: SessionListener: contextDestroyed()
2013-10-14 17:03:10 org.apache.catalina.core.ApplicationContext log
信息: ContextListener: contextDestroyed()
2013-10-14 17:03:42 org.apache.catalina.core.ApplicationContext log
信息: ContextListener: contextInitialized()
2013-10-14 17:03:42 org.apache.catalina.core.ApplicationContext log
信息: SessionListener: contextInitialized()
2013-10-14 17:03:42 org.apache.catalina.core.ApplicationContext log
信息: ContextListener: attributeAdded('org.apache.jasper.compiler.TldLocationsCache', 'org.apache.jasper.compiler.TldLocationsCache@6818c458')
2013-10-14 17:03:46 org.apache.catalina.core.ApplicationContext log
信息: SessionListener: contextDestroyed()
2013-10-14 17:03:46 org.apache.catalina.core.ApplicationContext log
信息: ContextListener: contextDestroyed()
2013-10-14 17:11:47 org.apache.catalina.core.ApplicationContext log
信息: ContextListener: contextInitialized()
2013-10-14 17:11:47 org.apache.catalina.core.ApplicationContext log
信息: SessionListener: contextInitialized()
2013-10-14 17:11:47 org.apache.catalina.core.ApplicationContext log
信息: ContextListener: attributeAdded('org.apache.jasper.compiler.TldLocationsCache', 'org.apache.jasper.compiler.TldLocationsCache@1e9cd8db')
2013-10-14 17:16:23 org.apache.catalina.core.ApplicationContext log
信息: ContextListener: contextInitialized()
2013-10-14 17:16:23 org.apache.catalina.core.ApplicationContext log
信息: SessionListener: contextInitialized()
2013-10-14 17:16:23 org.apache.catalina.core.ApplicationContext log
信息: ContextListener: attributeAdded('org.apache.jasper.compiler.TldLocationsCache', 'org.apache.jasper.compiler.TldLocationsCache@919db9e')
2013-10-14 17:16:23 org.apache.catalina.core.ApplicationContext log
信息: SessionListener: contextDestroyed()
2013-10-14 17:16:23 org.apache.catalina.core.ApplicationContext log
信息: ContextListener: contextDestroyed()
2013-10-14 17:16:30 org.apache.catalina.core.ApplicationContext log
信息: ContextListener: contextInitialized()
2013-10-14 17:16:30 org.apache.catalina.core.ApplicationContext log
信息: SessionListener: contextInitialized()
2013-10-14 17:16:30 org.apache.catalina.core.ApplicationContext log
信息: ContextListener: attributeAdded('org.apache.jasper.compiler.TldLocationsCache', 'org.apache.jasper.compiler.TldLocationsCache@439ce47a')
2013-10-14 17:16:30 org.apache.catalina.core.ApplicationContext log
信息: SessionListener: contextDestroyed()
2013-10-14 17:16:30 org.apache.catalina.core.ApplicationContext log
信息: ContextListener: contextDestroyed()
2013-10-14 17:17:09 org.apache.catalina.core.ApplicationContext log
信息: ContextListener: contextInitialized()
2013-10-14 17:17:09 org.apache.catalina.core.ApplicationContext log
信息: SessionListener: contextInitialized()
2013-10-14 17:17:09 org.apache.catalina.core.ApplicationContext log
信息: ContextListener: attributeAdded('org.apache.jasper.compiler.TldLocationsCache', 'org.apache.jasper.compiler.TldLocationsCache@36511e0a')
2013-10-14 17:17:29 org.apache.catalina.core.ApplicationContext log
信息: SessionListener: contextDestroyed()
2013-10-14 17:17:29 org.apache.catalina.core.ApplicationContext log
信息: ContextListener: contextDestroyed()
2013-10-14 17:17:36 org.apache.catalina.core.ApplicationContext log
信息: ContextListener: contextInitialized()
2013-10-14 17:17:36 org.apache.catalina.core.ApplicationContext log
信息: SessionListener: contextInitialized()
2013-10-14 17:17:36 org.apache.catalina.core.ApplicationContext log
信息: ContextListener: attributeAdded('org.apache.jasper.compiler.TldLocationsCache', 'org.apache.jasper.compiler.TldLocationsCache@3a87d472')
2013-10-14 17:18:34 org.apache.catalina.core.ApplicationContext log
信息: ContextListener: contextInitialized()
2013-10-14 17:18:34 org.apache.catalina.core.ApplicationContext log
信息: SessionListener: contextInitialized()
2013-10-14 17:18:34 org.apache.catalina.core.ApplicationContext log
信息: ContextListener: attributeAdded('org.apache.jasper.compiler.TldLocationsCache', 'org.apache.jasper.compiler.TldLocationsCache@4430d83d')
2013-10-14 17:18:34 org.apache.catalina.core.ApplicationContext log
信息: SessionListener: contextDestroyed()
2013-10-14 17:18:34 org.apache.catalina.core.ApplicationContext log
信息: ContextListener: contextDestroyed()
2013-10-14 17:19:04 org.apache.catalina.core.ApplicationContext log
信息: ContextListener: contextInitialized()
2013-10-14 17:19:04 org.apache.catalina.core.ApplicationContext log
信息: SessionListener: contextInitialized()
2013-10-14 17:19:04 org.apache.catalina.core.ApplicationContext log
信息: ContextListener: attributeAdded('org.apache.jasper.compiler.TldLocationsCache', 'org.apache.jasper.compiler.TldLocationsCache@1effc3eb')
2013-10-14 17:19:30 org.apache.catalina.core.ApplicationContext log
信息: SessionListener: contextDestroyed()
2013-10-14 17:19:30 org.apache.catalina.core.ApplicationContext log
信息: ContextListener: contextDestroyed()
2013-10-14 17:19:35 org.apache.catalina.core.ApplicationContext log
信息: ContextListener: contextInitialized()
2013-10-14 17:19:35 org.apache.catalina.core.ApplicationContext log
信息: SessionListener: contextInitialized()
2013-10-14 17:19:35 org.apache.catalina.core.ApplicationContext log
信息: ContextListener: attributeAdded('org.apache.jasper.compiler.TldLocationsCache', 'org.apache.jasper.compiler.TldLocationsCache@389d5793')
2013-10-14 17:45:14 org.apache.catalina.core.ApplicationContext log
信息: ContextListener: contextInitialized()
2013-10-14 17:45:14 org.apache.catalina.core.ApplicationContext log
信息: SessionListener: contextInitialized()
2013-10-14 17:45:14 org.apache.catalina.core.ApplicationContext log
信息: ContextListener: attributeAdded('org.apache.jasper.compiler.TldLocationsCache', 'org.apache.jasper.compiler.TldLocationsCache@41e8fa70')
2013-10-14 17:45:14 org.apache.catalina.core.ApplicationContext log
信息: SessionListener: contextDestroyed()
2013-10-14 17:45:14 org.apache.catalina.core.ApplicationContext log
信息: ContextListener: contextDestroyed()
2013-10-14 17:45:39 org.apache.catalina.core.ApplicationContext log
信息: ContextListener: contextInitialized()
2013-10-14 17:45:39 org.apache.catalina.core.ApplicationContext log
信息: SessionListener: contextInitialized()
2013-10-14 17:45:39 org.apache.catalina.core.ApplicationContext log
信息: ContextListener: attributeAdded('org.apache.jasper.compiler.TldLocationsCache', 'org.apache.jasper.compiler.TldLocationsCache@1effc3eb')
2013-10-14 17:45:42 org.apache.catalina.core.ApplicationContext log
信息: SessionListener: contextDestroyed()
2013-10-14 17:45:42 org.apache.catalina.core.ApplicationContext log
信息: ContextListener: contextDestroyed()
2013-10-14 18:42:22 org.apache.catalina.core.ApplicationContext log
信息: ContextListener: contextInitialized()
2013-10-14 18:42:22 org.apache.catalina.core.ApplicationContext log
信息: SessionListener: contextInitialized()
2013-10-14 18:42:22 org.apache.catalina.core.ApplicationContext log
信息: ContextListener: attributeAdded('org.apache.jasper.compiler.TldLocationsCache', 'org.apache.jasper.compiler.TldLocationsCache@15535a58')
2013-10-14 18:42:26 org.apache.catalina.core.ApplicationContext log
信息: SessionListener: contextDestroyed()
2013-10-14 18:42:26 org.apache.catalina.core.ApplicationContext log
信息: ContextListener: contextDestroyed()
2013-10-14 18:42:58 org.apache.catalina.core.ApplicationContext log
信息: ContextListener: contextInitialized()
2013-10-14 18:42:58 org.apache.catalina.core.ApplicationContext log
信息: SessionListener: contextInitialized()
2013-10-14 18:42:58 org.apache.catalina.core.ApplicationContext log
信息: ContextListener: attributeAdded('org.apache.jasper.compiler.TldLocationsCache', 'org.apache.jasper.compiler.TldLocationsCache@168497f6')
2013-10-14 18:43:14 org.apache.catalina.core.ApplicationContext log
信息: SessionListener: contextDestroyed()
2013-10-14 18:43:14 org.apache.catalina.core.ApplicationContext log
信息: ContextListener: contextDestroyed()
2013-10-14 18:45:00 org.apache.catalina.core.ApplicationContext log
信息: ContextListener: contextInitialized()
2013-10-14 18:45:00 org.apache.catalina.core.ApplicationContext log
信息: SessionListener: contextInitialized()
2013-10-14 18:45:00 org.apache.catalina.core.ApplicationContext log
信息: ContextListener: attributeAdded('org.apache.jasper.compiler.TldLocationsCache', 'org.apache.jasper.compiler.TldLocationsCache@2bf8f8c8')
2013-10-14 18:51:50 org.apache.catalina.core.ApplicationContext log
信息: SessionListener: contextDestroyed()
2013-10-14 18:51:50 org.apache.catalina.core.ApplicationContext log
信息: ContextListener: contextDestroyed()
